Arguments: 
  C:\Program Files\nodejs\node.exe C:\Program Files (x86)\Yarn\bin\yarn.js install

PATH: 
  C:\Program Files (x86)\Common Files\Oracle\Java\javapath;C:\Program Files (x86)\Intel\iCLS Client\;C:\Program Files\Intel\iCLS Client\;C:\WINDOWS\system32;C:\WINDOWS;C:\WINDOWS\System32\Wbem;C:\WINDOWS\System32\WindowsPowerShell\v1.0\;C:\Program Files (x86)\Intel\Intel(R) Management Engine Components\DAL;C:\Program Files\Intel\Intel(R) Management Engine Components\DAL;C:\Program Files (x86)\Intel\Intel(R) Management Engine Components\IPT;C:\Program Files\Intel\Intel(R) Management Engine Components\IPT;C:\Program Files\Intel\WiFi\bin\;C:\Program Files\Common Files\Intel\WirelessCommon\;C:\WINDOWS\System32\OpenSSH\;C:\Program Files\Git\cmd;C:\Program Files\nodejs\;C:\Program Files (x86)\Yarn\bin\;C:\Users\Medflit Software Dev\AppData\Local\Microsoft\WindowsApps;C:\Users\Medflit Software Dev\AppData\Local\Programs\Microsoft VS Code\bin;C:\Users\Medflit Software Dev\AppData\Local\Android\Sdk\platform-tools;C:\Program Files\JetBrains\IntelliJ IDEA Community Edition 2020.2\bin;;C:\opt\apache-maven-3.6.3-bin\apache-maven-3.6.3\bin;C:\Program Files\heroku\bin;C:\Users\Medflit Software Dev\AppData\Roaming\npm;C:\Users\Medflit Software Dev\AppData\Local\Yarn\bin

Yarn version: 
  1.23.0-20200615.1913

Node version: 
  16.14.0

Platform: 
  win32 x64

Trace: 
  SyntaxError: C:\Users\Medflit Software Dev\Documents\React\react project\Filter react projct\package.json: Unexpected token } in JSON at position 330
      at JSON.parse (<anonymous>)
      at C:\Program Files (x86)\Yarn\lib\cli.js:1625:59
      at Generator.next (<anonymous>)
      at step (C:\Program Files (x86)\Yarn\lib\cli.js:310:30)
      at C:\Program Files (x86)\Yarn\lib\cli.js:321:13

npm manifest: 
  {
    "name": "client",
    "version": "0.1.0",
    "private": true,
    "dependencies": {
      "@testing-library/jest-dom": "^5.11.9",
      "@testing-library/react": "^11.2.5",
      "@testing-library/user-event": "^12.7.1",
      "framer-motion": "^6.2.8",
      "react": "^17.0.1",
      "react-dom": "^17.0.1",
      "react-scripts": "^5.0.0",
    },
    "proxy": "http://localhost:5000",
    "scripts": {
      "start": "react-scripts start",
      "build": "react-scripts build",
      "test": "react-scripts test",
      "eject": "react-scripts eject"
    },
    "eslintConfig": {
      "extends": [
        "react-app",
        "react-app/jest"
      ]
    },
    "browserslist": {
      "production": [
        ">0.2%",
        "not dead",
        "not op_mini all"
      ],
      "development": [
        "last 1 chrome version",
        "last 1 firefox version",
        "last 1 safari version"
      ]
    },
    "main": "index.js",
    "license": "MIT"
  }

yarn manifest: 
  No manifest

Lockfile: 
  No lockfile
